# JRE version: OpenJDK Runtime Environment Temurin-21.0.6+7 (21.0.6+7) (build 21.0.6+7-LTS)
# Java VM: OpenJDK 64-Bit Server VM Temurin-21.0.6+7 (21.0.6+7-LTS, mixed mode, sharing, tiered, compressed oops, compressed class ptrs, parallel gc, windows-amd64)
GC Precious Log:
 CardTable entry size: 512
 CPUs: 16 total, 16 available
 Memory: 16074M
 Large Page Support: Disabled
 NUMA Support: Disabled
 Compressed Oops: Enabled (32-bit)
 Alignments: Space 512K, Generation 512K, Heap 2M
 Heap Min Capacity: 100M
 Heap Initial Capacity: 100M
 Heap Max Capacity: 1G
 Pre-touch: Disabled
 Parallel Workers: 13
Heap:
 PSYoungGen      total 22528K, used 17987K [0x00000000eab00000, 0x00000000ec480000, 0x0000000100000000)
  eden space 22016K, 79% used [0x00000000eab00000,0x00000000ebc10ed0,0x00000000ec080000)
  from space 512K, 100% used [0x00000000ec380000,0x00000000ec400000,0x00000000ec400000)
  to   space 2048K, 0% used [0x00000000ec080000,0x00000000ec080000,0x00000000ec280000)
 ParOldGen       total 68608K, used 19612K [0x00000000c0000000, 0x00000000c4300000, 0x00000000eab00000)
  object space 68608K, 28% used [0x00000000c0000000,0x00000000c13270a0,0x00000000c4300000)
 Metaspace       used 29757K, committed 30720K, reserved 1114112K
  class space    used 2758K, committed 3200K, reserved 1048576K
GC Heap History (20 events):
Event: 15.398 GC heap before
{Heap before GC invocations=6 (full 0):
 PSYoungGen      total 29184K, used 29183K [0x00000000eab00000, 0x00000000ecf80000, 0x0000000100000000)
  eden space 25088K, 100% used [0x00000000eab00000,0x00000000ec380000,0x00000000ec380000)
  from space 4096K, 99% used [0x00000000ec400000,0x00000000ec7ffe88,0x00000000ec800000)
  to   space 6144K, 0% used [0x00000000ec980000,0x00000000ec980000,0x00000000ecf80000)
 ParOldGen       total 68608K, used 9232K [0x00000000c0000000, 0x00000000c4300000, 0x00000000eab00000)
  object space 68608K, 13% used [0x00000000c0000000,0x00000000c09040e8,0x00000000c4300000)
 Metaspace       used 17746K, committed 18496K, reserved 1114112K
  class space    used 1758K, committed 2048K, reserved 1048576K
}
Event: 15.403 GC heap after
{Heap after GC invocations=6 (full 0):
 PSYoungGen      total 29184K, used 6142K [0x00000000eab00000, 0x00000000ed300000, 0x0000000100000000)
  eden space 23040K, 0% used [0x00000000eab00000,0x00000000eab00000,0x00000000ec180000)
  from space 6144K, 99% used [0x00000000ec980000,0x00000000ecf7fbf8,0x00000000ecf80000)
  to   space 8192K, 0% used [0x00000000ec180000,0x00000000ec180000,0x00000000ec980000)
 ParOldGen       total 68608K, used 10656K [0x00000000c0000000, 0x00000000c4300000, 0x00000000eab00000)
  object space 68608K, 15% used [0x00000000c0000000,0x00000000c0a680e8,0x00000000c4300000)
 Metaspace       used 17746K, committed 18496K, reserved 1114112K
  class space    used 1758K, committed 2048K, reserved 1048576K
}
Event: 15.664 GC heap before
{Heap before GC invocations=7 (full 0):
 PSYoungGen      total 29184K, used 29182K [0x00000000eab00000, 0x00000000ed300000, 0x0000000100000000)
  eden space 23040K, 100% used [0x00000000eab00000,0x00000000ec180000,0x00000000ec180000)
  from space 6144K, 99% used [0x00000000ec980000,0x00000000ecf7fbf8,0x00000000ecf80000)
  to   space 8192K, 0% used [0x00000000ec180000,0x00000000ec180000,0x00000000ec980000)
 ParOldGen       total 68608K, used 10656K [0x00000000c0000000, 0x00000000c4300000, 0x00000000eab00000)
  object space 68608K, 15% used [0x00000000c0000000,0x00000000c0a680e8,0x00000000c4300000)
 Metaspace       used 19748K, committed 20544K, reserved 1114112K
  class space    used 1971K, committed 2304K, reserved 1048576K
}
Event: 15.668 GC heap after
{Heap after GC invocations=7 (full 0):
 PSYoungGen      total 27648K, used 4774K [0x00000000eab00000, 0x00000000ecd00000, 0x0000000100000000)
  eden space 22528K, 0% used [0x00000000eab00000,0x00000000eab00000,0x00000000ec100000)
  from space 5120K, 93% used [0x00000000ec180000,0x00000000ec6298f0,0x00000000ec680000)
  to   space 6144K, 0% used [0x00000000ec700000,0x00000000ec700000,0x00000000ecd00000)
 ParOldGen       total 68608K, used 12437K [0x00000000c0000000, 0x00000000c4300000, 0x00000000eab00000)
  object space 68608K, 18% used [0x00000000c0000000,0x00000000c0c25518,0x00000000c4300000)
 Metaspace       used 19748K, committed 20544K, reserved 1114112K
  class space    used 1971K, committed 2304K, reserved 1048576K
}
Event: 15.749 GC heap before
{Heap before GC invocations=8 (full 0):
 PSYoungGen      total 27648K, used 10566K [0x00000000eab00000, 0x00000000ecd00000, 0x0000000100000000)
  eden space 22528K, 25% used [0x00000000eab00000,0x00000000eb0a82e8,0x00000000ec100000)
  from space 5120K, 93% used [0x00000000ec180000,0x00000000ec6298f0,0x00000000ec680000)
  to   space 6144K, 0% used [0x00000000ec700000,0x00000000ec700000,0x00000000ecd00000)
 ParOldGen       total 68608K, used 12437K [0x00000000c0000000, 0x00000000c4300000, 0x00000000eab00000)
  object space 68608K, 18% used [0x00000000c0000000,0x00000000c0c25518,0x00000000c4300000)
 Metaspace       used 20634K, committed 21504K, reserved 1114112K
  class space    used 2092K, committed 2496K, reserved 1048576K
}
Event: 15.751 GC heap after
{Heap after GC invocations=8 (full 0):
 PSYoungGen      total 27648K, used 4736K [0x00000000eab00000, 0x00000000ecc00000, 0x0000000100000000)
  eden space 22528K, 0% used [0x00000000eab00000,0x00000000eab00000,0x00000000ec100000)
  from space 5120K, 92% used [0x00000000ec700000,0x00000000ecba0028,0x00000000ecc00000)
  to   space 5120K, 0% used [0x00000000ec180000,0x00000000ec180000,0x00000000ec680000)
 ParOldGen       total 68608K, used 12780K [0x00000000c0000000, 0x00000000c4300000, 0x00000000eab00000)
  object space 68608K, 18% used [0x00000000c0000000,0x00000000c0c7b100,0x00000000c4300000)
 Metaspace       used 20634K, committed 21504K, reserved 1114112K
  class space    used 2092K, committed 2496K, reserved 1048576K
}
Event: 15.751 GC heap before
{Heap before GC invocations=9 (full 1):
 PSYoungGen      total 27648K, used 4736K [0x00000000eab00000, 0x00000000ecc00000, 0x0000000100000000)
  eden space 22528K, 0% used [0x00000000eab00000,0x00000000eab00000,0x00000000ec100000)
  from space 5120K, 92% used [0x00000000ec700000,0x00000000ecba0028,0x00000000ecc00000)
  to   space 5120K, 0% used [0x00000000ec180000,0x00000000ec180000,0x00000000ec680000)
 ParOldGen       total 68608K, used 12780K [0x00000000c0000000, 0x00000000c4300000, 0x00000000eab00000)
  object space 68608K, 18% used [0x00000000c0000000,0x00000000c0c7b100,0x00000000c4300000)
 Metaspace       used 20634K, committed 21504K, reserved 1114112K
  class space    used 2092K, committed 2496K, reserved 1048576K
}
Event: 15.777 GC heap after
{Heap after GC invocations=9 (full 1):
 PSYoungGen      total 27648K, used 0K [0x00000000eab00000, 0x00000000ecc00000, 0x0000000100000000)
  eden space 22528K, 0% used [0x00000000eab00000,0x00000000eab00000,0x00000000ec100000)
  from space 5120K, 0% used [0x00000000ec700000,0x00000000ec700000,0x00000000ecc00000)
  to   space 5120K, 0% used [0x00000000ec180000,0x00000000ec180000,0x00000000ec680000)
 ParOldGen       total 68608K, used 15503K [0x00000000c0000000, 0x00000000c4300000, 0x00000000eab00000)
  object space 68608K, 22% used [0x00000000c0000000,0x00000000c0f23c00,0x00000000c4300000)
 Metaspace       used 20621K, committed 21504K, reserved 1114112K
  class space    used 2088K, committed 2496K, reserved 1048576K
}
Event: 16.022 GC heap before
{Heap before GC invocations=10 (full 1):
 PSYoungGen      total 27648K, used 22528K [0x00000000eab00000, 0x00000000ecc00000, 0x0000000100000000)
  eden space 22528K, 100% used [0x00000000eab00000,0x00000000ec100000,0x00000000ec100000)
  from space 5120K, 0% used [0x00000000ec700000,0x00000000ec700000,0x00000000ecc00000)
  to   space 5120K, 0% used [0x00000000ec180000,0x00000000ec180000,0x00000000ec680000)
 ParOldGen       total 68608K, used 15503K [0x00000000c0000000, 0x00000000c4300000, 0x00000000eab00000)
  object space 68608K, 22% used [0x00000000c0000000,0x00000000c0f23c00,0x00000000c4300000)
 Metaspace       used 22730K, committed 23744K, reserved 1114112K
  class space    used 2259K, committed 2688K, reserved 1048576K
}
Event: 16.024 GC heap after
{Heap after GC invocations=10 (full 1):
 PSYoungGen      total 25088K, used 2835K [0x00000000eab00000, 0x00000000ec780000, 0x0000000100000000)
  eden space 22016K, 0% used [0x00000000eab00000,0x00000000eab00000,0x00000000ec080000)
  from space 3072K, 92% used [0x00000000ec180000,0x00000000ec444c08,0x00000000ec480000)
  to   space 3072K, 0% used [0x00000000ec480000,0x00000000ec480000,0x00000000ec780000)
 ParOldGen       total 68608K, used 15511K [0x00000000c0000000, 0x00000000c4300000, 0x00000000eab00000)
  object space 68608K, 22% used [0x00000000c0000000,0x00000000c0f25c00,0x00000000c4300000)
 Metaspace       used 22730K, committed 23744K, reserved 1114112K
  class space    used 2259K, committed 2688K, reserved 1048576K
}
Event: 16.121 GC heap before
{Heap before GC invocations=11 (full 1):
 PSYoungGen      total 25088K, used 24851K [0x00000000eab00000, 0x00000000ec780000, 0x0000000100000000)
  eden space 22016K, 100% used [0x00000000eab00000,0x00000000ec080000,0x00000000ec080000)
  from space 3072K, 92% used [0x00000000ec180000,0x00000000ec444c08,0x00000000ec480000)
  to   space 3072K, 0% used [0x00000000ec480000,0x00000000ec480000,0x00000000ec780000)
 ParOldGen       total 68608K, used 15511K [0x00000000c0000000, 0x00000000c4300000, 0x00000000eab00000)
  object space 68608K, 22% used [0x00000000c0000000,0x00000000c0f25c00,0x00000000c4300000)
 Metaspace       used 24357K, committed 25280K, reserved 1114112K
  class space    used 2335K, committed 2752K, reserved 1048576K
}
Event: 16.122 GC heap after
{Heap after GC invocations=11 (full 1):
 PSYoungGen      total 24064K, used 2013K [0x00000000eab00000, 0x00000000ec680000, 0x0000000100000000)
  eden space 22016K, 0% used [0x00000000eab00000,0x00000000eab00000,0x00000000ec080000)
  from space 2048K, 98% used [0x00000000ec480000,0x00000000ec677780,0x00000000ec680000)
  to   space 2560K, 0% used [0x00000000ec180000,0x00000000ec180000,0x00000000ec400000)
 ParOldGen       total 68608K, used 15519K [0x00000000c0000000, 0x00000000c4300000, 0x00000000eab00000)
  object space 68608K, 22% used [0x00000000c0000000,0x00000000c0f27c00,0x00000000c4300000)
 Metaspace       used 24357K, committed 25280K, reserved 1114112K
  class space    used 2335K, committed 2752K, reserved 1048576K
}
Event: 16.241 GC heap before
{Heap before GC invocations=12 (full 1):
 PSYoungGen      total 24064K, used 24029K [0x00000000eab00000, 0x00000000ec680000, 0x0000000100000000)
  eden space 22016K, 100% used [0x00000000eab00000,0x00000000ec080000,0x00000000ec080000)
  from space 2048K, 98% used [0x00000000ec480000,0x00000000ec677780,0x00000000ec680000)
  to   space 2560K, 0% used [0x00000000ec180000,0x00000000ec180000,0x00000000ec400000)
 ParOldGen       total 68608K, used 15519K [0x00000000c0000000, 0x00000000c4300000, 0x00000000eab00000)
  object space 68608K, 22% used [0x00000000c0000000,0x00000000c0f27c00,0x00000000c4300000)
 Metaspace       used 25659K, committed 26624K, reserved 1114112K
  class space    used 2438K, committed 2880K, reserved 1048576K
}
Event: 16.242 GC heap after
{Heap after GC invocations=12 (full 1):
 PSYoungGen      total 22528K, used 448K [0x00000000eab00000, 0x00000000ec500000, 0x0000000100000000)
  eden space 22016K, 0% used [0x00000000eab00000,0x00000000eab00000,0x00000000ec080000)
  from space 512K, 87% used [0x00000000ec180000,0x00000000ec1f0000,0x00000000ec200000)
  to   space 1536K, 0% used [0x00000000ec380000,0x00000000ec380000,0x00000000ec500000)
 ParOldGen       total 68608K, used 17104K [0x00000000c0000000, 0x00000000c4300000, 0x00000000eab00000)
  object space 68608K, 24% used [0x00000000c0000000,0x00000000c10b40d8,0x00000000c4300000)
 Metaspace       used 25659K, committed 26624K, reserved 1114112K
  class space    used 2438K, committed 2880K, reserved 1048576K
}
Event: 16.334 GC heap before
{Heap before GC invocations=13 (full 1):
 PSYoungGen      total 22528K, used 22049K [0x00000000eab00000, 0x00000000ec500000, 0x0000000100000000)
  eden space 22016K, 98% used [0x00000000eab00000,0x00000000ec018760,0x00000000ec080000)
  from space 512K, 87% used [0x00000000ec180000,0x00000000ec1f0000,0x00000000ec200000)
  to   space 1536K, 0% used [0x00000000ec380000,0x00000000ec380000,0x00000000ec500000)
 ParOldGen       total 68608K, used 17104K [0x00000000c0000000, 0x00000000c4300000, 0x00000000eab00000)
  object space 68608K, 24% used [0x00000000c0000000,0x00000000c10b40d8,0x00000000c4300000)
 Metaspace       used 27148K, committed 28096K, reserved 1114112K
  class space    used 2562K, committed 3008K, reserved 1048576K
}
Event: 16.335 GC heap after
{Heap after GC invocations=13 (full 1):
 PSYoungGen      total 23552K, used 1211K [0x00000000eab00000, 0x00000000ec500000, 0x0000000100000000)
  eden space 22016K, 0% used [0x00000000eab00000,0x00000000eab00000,0x00000000ec080000)
  from space 1536K, 78% used [0x00000000ec380000,0x00000000ec4aeda0,0x00000000ec500000)
  to   space 1536K, 0% used [0x00000000ec200000,0x00000000ec200000,0x00000000ec380000)
 ParOldGen       total 68608K, used 17376K [0x00000000c0000000, 0x00000000c4300000, 0x00000000eab00000)
  object space 68608K, 25% used [0x00000000c0000000,0x00000000c10f80d8,0x00000000c4300000)
 Metaspace       used 27148K, committed 28096K, reserved 1114112K
  class space    used 2562K, committed 3008K, reserved 1048576K
}
Event: 16.398 GC heap before
{Heap before GC invocations=14 (full 1):
 PSYoungGen      total 23552K, used 23227K [0x00000000eab00000, 0x00000000ec500000, 0x0000000100000000)
  eden space 22016K, 100% used [0x00000000eab00000,0x00000000ec080000,0x00000000ec080000)
  from space 1536K, 78% used [0x00000000ec380000,0x00000000ec4aeda0,0x00000000ec500000)
  to   space 1536K, 0% used [0x00000000ec200000,0x00000000ec200000,0x00000000ec380000)
 ParOldGen       total 68608K, used 17376K [0x00000000c0000000, 0x00000000c4300000, 0x00000000eab00000)
  object space 68608K, 25% used [0x00000000c0000000,0x00000000c10f80d8,0x00000000c4300000)
 Metaspace       used 27629K, committed 28608K, reserved 1114112K
  class space    used 2583K, committed 3008K, reserved 1048576K
}
Event: 16.400 GC heap after
{Heap after GC invocations=14 (full 1):
 PSYoungGen      total 23552K, used 1421K [0x00000000eab00000, 0x00000000ec400000, 0x0000000100000000)
  eden space 22016K, 0% used [0x00000000eab00000,0x00000000eab00000,0x00000000ec080000)
  from space 1536K, 92% used [0x00000000ec200000,0x00000000ec363510,0x00000000ec380000)
  to   space 512K, 0% used [0x00000000ec380000,0x00000000ec380000,0x00000000ec400000)
 ParOldGen       total 68608K, used 18353K [0x00000000c0000000, 0x00000000c4300000, 0x00000000eab00000)
  object space 68608K, 26% used [0x00000000c0000000,0x00000000c11ec680,0x00000000c4300000)
 Metaspace       used 27629K, committed 28608K, reserved 1114112K
  class space    used 2583K, committed 3008K, reserved 1048576K
}
Event: 16.497 GC heap before
{Heap before GC invocations=15 (full 1):
 PSYoungGen      total 23552K, used 23437K [0x00000000eab00000, 0x00000000ec400000, 0x0000000100000000)
  eden space 22016K, 100% used [0x00000000eab00000,0x00000000ec080000,0x00000000ec080000)
  from space 1536K, 92% used [0x00000000ec200000,0x00000000ec363510,0x00000000ec380000)
  to   space 512K, 0% used [0x00000000ec380000,0x00000000ec380000,0x00000000ec400000)
 ParOldGen       total 68608K, used 18353K [0x00000000c0000000, 0x00000000c4300000, 0x00000000eab00000)
  object space 68608K, 26% used [0x00000000c0000000,0x00000000c11ec680,0x00000000c4300000)
 Metaspace       used 28496K, committed 29440K, reserved 1114112K
  class space    used 2651K, committed 3072K, reserved 1048576K
}
Event: 16.499 GC heap after
{Heap after GC invocations=15 (full 1):
 PSYoungGen      total 22528K, used 512K [0x00000000eab00000, 0x00000000ec480000, 0x0000000100000000)
  eden space 22016K, 0% used [0x00000000eab00000,0x00000000eab00000,0x00000000ec080000)
  from space 512K, 100% used [0x00000000ec380000,0x00000000ec400000,0x00000000ec400000)
  to   space 2048K, 0% used [0x00000000ec080000,0x00000000ec080000,0x00000000ec280000)
 ParOldGen       total 68608K, used 19612K [0x00000000c0000000, 0x00000000c4300000, 0x00000000eab00000)
  object space 68608K, 28% used [0x00000000c0000000,0x00000000c13270a0,0x00000000c4300000)
 Metaspace       used 28496K, committed 29440K, reserved 1114112K
  class space    used 2651K, committed 3072K, reserved 1048576K
}

